/home/barattts/lavoltabuona/BA/.venv/daicheelavoltabuona/lib/python3.12/site-packages/torch/cuda/__init__.py:61: FutureWarning: The pynvml package is deprecated. Please install nvidia-ml-py instead. If you did not install pynvml directly, please report this to the maintainers of the package that installed pynvml for you.
  import pynvml  # type: ignore[import]
2025-11-21 20:16:28.292612: I tensorflow/core/platform/cpu_feature_guard.cc:210] This TensorFlow binary is optimized to use available CPU instructions in performance-critical operations.
To enable the following instructions: AVX2 AVX512F FMA, in other operations, rebuild TensorFlow with the appropriate compiler flags.
2025-11-21 20:16:35,607 - INFO - Using device: cuda
2025-11-21 20:16:35,608 - INFO - Target labels for this run: ['Area', 'Iso_distance', 'Iso_width']
2025-11-21 20:16:35,610 - INFO - Optuna config -> study: nn_study_isotherm_bulk | storage: mysql+mysqlconnector://root:strong_password@127.0.0.1:3307/optuna_study?ssl=false | trials: 179 | n_jobs: 1
2025-11-21 20:16:35,614 - INFO - Starting power monitor (interval=1.0s, filter='python', dir=runs/run_20251121-201635_Area_Iso_distance_Iso_width_worker0/power_monitor)
2025-11-21 20:16:35,615 - INFO - Starting Optuna study: nn_study_isotherm_bulk...
2025-11-21 20:16:36,283 - INFO - Stopping power monitor...
Traceback (most recent call last):
  File "/home/barattts/lavoltabuona/BA/.venv/daicheelavoltabuona/lib/python3.12/site-packages/optuna/storages/_rdb/storage.py", line 227, in __init__
    self.engine = sqlalchemy.engine.create_engine(self.url, **self.engine_kwargs)
                  ^^^^^^^^^^^^^^^^^^^^^^^^^^^^^^^^^^^^^^^^^^^^^^^^^^^^^^^^^^^^^^^
  File "<string>", line 2, in create_engine
  File "/home/barattts/lavoltabuona/BA/.venv/daicheelavoltabuona/lib/python3.12/site-packages/sqlalchemy/util/deprecations.py", line 281, in warned
    return fn(*args, **kwargs)  # type: ignore[no-any-return]
           ^^^^^^^^^^^^^^^^^^^
  File "/home/barattts/lavoltabuona/BA/.venv/daicheelavoltabuona/lib/python3.12/site-packages/sqlalchemy/engine/create.py", line 617, in create_engine
    dbapi = dbapi_meth(**dbapi_args)
            ^^^^^^^^^^^^^^^^^^^^^^^^
  File "/home/barattts/lavoltabuona/BA/.venv/daicheelavoltabuona/lib/python3.12/site-packages/sqlalchemy/dialects/mysql/mysqlconnector.py", line 165, in import_dbapi
    return cast("DBAPIModule", __import__("mysql.connector").connector)
                               ^^^^^^^^^^^^^^^^^^^^^^^^^^^^^
ModuleNotFoundError: No module named 'mysql'

The above exception was the direct cause of the following exception:

Traceback (most recent call last):
  File "/home/barattts/lavoltabuona/BA/run_optuna.py", line 127, in <module>
    main()
  File "/home/barattts/lavoltabuona/BA/run_optuna.py", line 101, in main
    study = optuna.create_study(
            ^^^^^^^^^^^^^^^^^^^^
  File "/home/barattts/lavoltabuona/BA/.venv/daicheelavoltabuona/lib/python3.12/site-packages/optuna/_convert_positional_args.py", line 135, in converter_wrapper
    return func(**kwargs)  # type: ignore[call-arg]
           ^^^^^^^^^^^^^^
  File "/home/barattts/lavoltabuona/BA/.venv/daicheelavoltabuona/lib/python3.12/site-packages/optuna/study/study.py", line 1297, in create_study
    storage = storages.get_storage(storage)
              ^^^^^^^^^^^^^^^^^^^^^^^^^^^^^
  File "/home/barattts/lavoltabuona/BA/.venv/daicheelavoltabuona/lib/python3.12/site-packages/optuna/storages/__init__.py", line 49, in get_storage
    return _CachedStorage(RDBStorage(storage))
                          ^^^^^^^^^^^^^^^^^^^
  File "/home/barattts/lavoltabuona/BA/.venv/daicheelavoltabuona/lib/python3.12/site-packages/optuna/storages/_rdb/storage.py", line 229, in __init__
    raise ImportError(
ImportError: Failed to import DB access module for the specified storage URL. Please install appropriate one.
srun: error: argon-gtx: task 0: Exited with exit code 1
