--- SLURM JOB ---
Job Array ID: 469
Task ID: 1
Job started on argon-gtx
Working directory: /home/barattts/lavoltabuona/BA
---
Starting Python script...
This task is running: python run_optuna.py --target Area
2025-11-03 17:38:55,927 - INFO - Using device: cuda
2025-11-03 17:38:55,928 - INFO - Target labels for this run: ['Area']
2025-11-03 17:38:55,929 - INFO - Loading data for Optuna study (Labels: ['Area'])...
2025-11-03 17:38:56,124 - INFO - Starting Optuna study: nn_study_['Area']...
Traceback (most recent call last):
  File "/home/barattts/lavoltabuona/BA/.venv/daicheelavoltabuona/lib/python3.12/site-packages/sqlalchemy/engine/base.py", line 1967, in _exec_single_context
    self.dialect.do_execute(
  File "/home/barattts/lavoltabuona/BA/.venv/daicheelavoltabuona/lib/python3.12/site-packages/sqlalchemy/engine/default.py", line 951, in do_execute
    cursor.execute(statement, parameters)
sqlite3.OperationalError: table studies already exists

The above exception was the direct cause of the following exception:

Traceback (most recent call last):
  File "/home/barattts/lavoltabuona/BA/run_optuna.py", line 185, in <module>
    study = optuna.create_study(
            ^^^^^^^^^^^^^^^^^^^^
  File "/home/barattts/lavoltabuona/BA/.venv/daicheelavoltabuona/lib/python3.12/site-packages/optuna/_convert_positional_args.py", line 135, in converter_wrapper
    return func(**kwargs)  # type: ignore[call-arg]
           ^^^^^^^^^^^^^^
  File "/home/barattts/lavoltabuona/BA/.venv/daicheelavoltabuona/lib/python3.12/site-packages/optuna/study/study.py", line 1297, in create_study
    storage = storages.get_storage(storage)
              ^^^^^^^^^^^^^^^^^^^^^^^^^^^^^
  File "/home/barattts/lavoltabuona/BA/.venv/daicheelavoltabuona/lib/python3.12/site-packages/optuna/storages/__init__.py", line 49, in get_storage
    return _CachedStorage(RDBStorage(storage))
                          ^^^^^^^^^^^^^^^^^^^
  File "/home/barattts/lavoltabuona/BA/.venv/daicheelavoltabuona/lib/python3.12/site-packages/optuna/storages/_rdb/storage.py", line 238, in __init__
    models.BaseModel.metadata.create_all(self.engine)
  File "/home/barattts/lavoltabuona/BA/.venv/daicheelavoltabuona/lib/python3.12/site-packages/sqlalchemy/sql/schema.py", line 5928, in create_all
    bind._run_ddl_visitor(
  File "/home/barattts/lavoltabuona/BA/.venv/daicheelavoltabuona/lib/python3.12/site-packages/sqlalchemy/engine/base.py", line 3252, in _run_ddl_visitor
    conn._run_ddl_visitor(visitorcallable, element, **kwargs)
  File "/home/barattts/lavoltabuona/BA/.venv/daicheelavoltabuona/lib/python3.12/site-packages/sqlalchemy/engine/base.py", line 2459, in _run_ddl_visitor
    ).traverse_single(element)
      ^^^^^^^^^^^^^^^^^^^^^^^^
  File "/home/barattts/lavoltabuona/BA/.venv/daicheelavoltabuona/lib/python3.12/site-packages/sqlalchemy/sql/visitors.py", line 661, in traverse_single
    return meth(obj, **kw)
           ^^^^^^^^^^^^^^^
  File "/home/barattts/lavoltabuona/BA/.venv/daicheelavoltabuona/lib/python3.12/site-packages/sqlalchemy/sql/ddl.py", line 984, in visit_metadata
    self.traverse_single(
  File "/home/barattts/lavoltabuona/BA/.venv/daicheelavoltabuona/lib/python3.12/site-packages/sqlalchemy/sql/visitors.py", line 661, in traverse_single
    return meth(obj, **kw)
           ^^^^^^^^^^^^^^^
  File "/home/barattts/lavoltabuona/BA/.venv/daicheelavoltabuona/lib/python3.12/site-packages/sqlalchemy/sql/ddl.py", line 1022, in visit_table
    )._invoke_with(self.connection)
      ^^^^^^^^^^^^^^^^^^^^^^^^^^^^^
  File "/home/barattts/lavoltabuona/BA/.venv/daicheelavoltabuona/lib/python3.12/site-packages/sqlalchemy/sql/ddl.py", line 321, in _invoke_with
    return bind.execute(self)
           ^^^^^^^^^^^^^^^^^^
  File "/home/barattts/lavoltabuona/BA/.venv/daicheelavoltabuona/lib/python3.12/site-packages/sqlalchemy/engine/base.py", line 1419, in execute
    return meth(
           ^^^^^
  File "/home/barattts/lavoltabuona/BA/.venv/daicheelavoltabuona/lib/python3.12/site-packages/sqlalchemy/sql/ddl.py", line 187, in _execute_on_connection
    return connection._execute_ddl(
           ^^^^^^^^^^^^^^^^^^^^^^^^
  File "/home/barattts/lavoltabuona/BA/.venv/daicheelavoltabuona/lib/python3.12/site-packages/sqlalchemy/engine/base.py", line 1530, in _execute_ddl
    ret = self._execute_context(
          ^^^^^^^^^^^^^^^^^^^^^^
  File "/home/barattts/lavoltabuona/BA/.venv/daicheelavoltabuona/lib/python3.12/site-packages/sqlalchemy/engine/base.py", line 1846, in _execute_context
    return self._exec_single_context(
           ^^^^^^^^^^^^^^^^^^^^^^^^^^
  File "/home/barattts/lavoltabuona/BA/.venv/daicheelavoltabuona/lib/python3.12/site-packages/sqlalchemy/engine/base.py", line 1986, in _exec_single_context
    self._handle_dbapi_exception(
  File "/home/barattts/lavoltabuona/BA/.venv/daicheelavoltabuona/lib/python3.12/site-packages/sqlalchemy/engine/base.py", line 2355, in _handle_dbapi_exception
    raise sqlalchemy_exception.with_traceback(exc_info[2]) from e
  File "/home/barattts/lavoltabuona/BA/.venv/daicheelavoltabuona/lib/python3.12/site-packages/sqlalchemy/engine/base.py", line 1967, in _exec_single_context
    self.dialect.do_execute(
  File "/home/barattts/lavoltabuona/BA/.venv/daicheelavoltabuona/lib/python3.12/site-packages/sqlalchemy/engine/default.py", line 951, in do_execute
    cursor.execute(statement, parameters)
sqlalchemy.exc.OperationalError: (sqlite3.OperationalError) table studies already exists
[SQL: 
CREATE TABLE studies (
	study_id INTEGER NOT NULL, 
	study_name VARCHAR(512) NOT NULL, 
	PRIMARY KEY (study_id)
)

]
(Background on this error at: https://sqlalche.me/e/20/e3q8)
---
Task 1 (Area) finished.
