[I 2025-06-06 13:06:26,088] A new study created in RDB with name: prelim_label_11
[W 2025-06-06 13:31:12,024] Trial 0 failed with parameters: {'num_epochs': 400, 'batch_size': 64, 'learning_rate': 0.008489224280572794, 'nr_hidden_layers': 1, 'expanding_layers': False, 'contracting_layers': True, 'nr_neurons': 172, 'nr_of_steps': 3, 'lr_scheduler_gamma': 0.21037674124685754, 'activation': 'LeakyReLU', 'log_preprocessing': True, 'normalization': False, 'criterion': 'MSE'} because of the following error: UnboundLocalError("cannot access local variable 'test_loss' where it is not associated with a value").
Traceback (most recent call last):
  File "/home/barattts/lavoltabuona/BA/env/firstTestenv/lib/python3.12/site-packages/optuna/study/_optimize.py", line 197, in _run_trial
    value_or_values = func(trial)
                      ^^^^^^^^^^^
  File "/home/barattts/lavoltabuona/BA/FirstTrainingLabel11.py", line 380, in objective
    test_loss /= len(test_loader)
    ^^^^^^^^^
UnboundLocalError: cannot access local variable 'test_loss' where it is not associated with a value
[W 2025-06-06 13:31:12,028] Trial 0 failed with value None.
Traceback (most recent call last):
  File "/home/barattts/lavoltabuona/BA/FirstTrainingLabel11.py", line 398, in <module>
    study.optimize(objective, n_trials=1000)
  File "/home/barattts/lavoltabuona/BA/env/firstTestenv/lib/python3.12/site-packages/optuna/study/study.py", line 475, in optimize
    _optimize(
  File "/home/barattts/lavoltabuona/BA/env/firstTestenv/lib/python3.12/site-packages/optuna/study/_optimize.py", line 63, in _optimize
    _optimize_sequential(
  File "/home/barattts/lavoltabuona/BA/env/firstTestenv/lib/python3.12/site-packages/optuna/study/_optimize.py", line 160, in _optimize_sequential
    frozen_trial = _run_trial(study, func, catch)
                   ^^^^^^^^^^^^^^^^^^^^^^^^^^^^^^
  File "/home/barattts/lavoltabuona/BA/env/firstTestenv/lib/python3.12/site-packages/optuna/study/_optimize.py", line 248, in _run_trial
    raise func_err
  File "/home/barattts/lavoltabuona/BA/env/firstTestenv/lib/python3.12/site-packages/optuna/study/_optimize.py", line 197, in _run_trial
    value_or_values = func(trial)
                      ^^^^^^^^^^^
  File "/home/barattts/lavoltabuona/BA/FirstTrainingLabel11.py", line 380, in objective
    test_loss /= len(test_loader)
    ^^^^^^^^^
UnboundLocalError: cannot access local variable 'test_loss' where it is not associated with a value
